<?xml version="1.0" encoding="UTF-8"?>
<!-- Generated by org.testng.reporters.JUnitXMLReporter -->
<testsuite ignored="0" hostname="LTIN674248" failures="0" tests="2" name="US17_P1_05_EdgeTest" time="27.984" errors="0" timestamp="2026-02-11T11:43:08 IST">
  <testcase classname="testScripts.HamburgerFuncValidation" name="performActionsOnHamburgerClose" time="10.853"/>
  <testcase classname="testScripts.HamburgerFuncValidation" name="hamburgerFuncValidationTestOpen" time="0.631"/>
</testsuite> <!-- US17_P1_05_EdgeTest -->
