<?xml version="1.0" encoding="UTF-8"?>
<!-- Generated by org.testng.reporters.JUnitXMLReporter -->
<testsuite ignored="0" hostname="LTIN674248" failures="1" tests="1" name="US17_P1_07_HyperLink_Chrome" time="39.336" errors="0" timestamp="2026-02-12T14:51:31 IST">
  <testcase classname="testScripts.FooterSectionHyperLinkValidation" name="performValidationOfHyperLink" time="4.045">
    <failure type="java.lang.AssertionError" message="HyperLink redirects to correct credits page expected [Hyperlink present] but found [Hyperlink absent]">
      <![CDATA[java.lang.AssertionError: HyperLink redirects to correct credits page expected [Hyperlink present] but found [Hyperlink absent]
at testScripts.FooterSectionHyperLinkValidation.performValidationOfHyperLink(FooterSectionHyperLinkValidation.java:42)
at java.base/java.util.ArrayList.forEach(ArrayList.java:1596)
at java.base/java.util.concurrent.FutureTask.run(FutureTask.java:317)
at java.base/java.util.concurrent.ThreadPoolExecutor.runWorker(ThreadPoolExecutor.java:1144)
at java.base/java.util.concurrent.ThreadPoolExecutor$Worker.run(ThreadPoolExecutor.java:642)
at java.base/java.lang.Thread.run(Thread.java:1583)
... Removed 20 stack frames]]>
    </failure>
  </testcase> <!-- performValidationOfHyperLink -->
</testsuite> <!-- US17_P1_07_HyperLink_Chrome -->
