<?xml version="1.0" encoding="UTF-8"?>
<!-- Generated by org.testng.reporters.JUnitXMLReporter -->
<testsuite ignored="0" hostname="LTIN674248" failures="0" tests="2" name="US17_P1_05_ChromeTest" time="48.4" errors="0" timestamp="2026-02-13T16:56:37 IST">
  <testcase classname="testScripts.HamburgerFuncValidation" name="performActionsOnHamburgerClose" time="11.454"/>
  <testcase classname="testScripts.HamburgerFuncValidation" name="hamburgerFuncValidationTestOpen" time="0.607"/>
</testsuite> <!-- US17_P1_05_ChromeTest -->
