<?xml version="1.0" encoding="UTF-8"?>
<testng-results ignored="0" total="8" passed="8" failed="0" skipped="0">
  <reporter-output>
  </reporter-output>
  <suite started-at="2026-02-13T16:55:48 IST" name="Sprint-1_Sharib" finished-at="2026-02-13T16:56:37 IST" duration-ms="48686">
    <groups>
    </groups>
    <test started-at="2026-02-13T16:55:48 IST" name="US17_P1_07_Credits_Chrome" finished-at="2026-02-13T16:56:14 IST" duration-ms="25768">
      <class name="testScripts.FooterSectionCreditsValidation">
        <test-method is-config="true" signature="setUpBrowser()[pri:0, instance:testScripts.FooterSectionCreditsValidation@bcec361]" started-at="2026-02-13T16:55:48 IST" name="setUpBrowser" finished-at="2026-02-13T16:55:48 IST" duration-ms="34" status="PASS">
          <reporter-output>
          </reporter-output>
        </test-method> <!-- setUpBrowser -->
        <test-method is-config="true" signature="performLogin(java.lang.String)[pri:0, instance:testScripts.FooterSectionCreditsValidation@bcec361]" started-at="2026-02-13T16:55:48 IST" name="performLogin" finished-at="2026-02-13T16:56:05 IST" duration-ms="16854" status="PASS">
          <params>
            <param index="0">
              <value>
                <![CDATA[chrome]]>
              </value>
            </param>
          </params>
          <reporter-output>
          </reporter-output>
        </test-method> <!-- performLogin -->
        <test-method signature="performValidationOnFooterSectionCredits()[pri:1, instance:testScripts.FooterSectionCreditsValidation@bcec361]" started-at="2026-02-13T16:56:05 IST" name="performValidationOnFooterSectionCredits" finished-at="2026-02-13T16:56:05 IST" duration-ms="128" status="PASS">
          <reporter-output>
          </reporter-output>
        </test-method> <!-- performValidationOnFooterSectionCredits -->
        <test-method is-config="true" signature="closeResources()[pri:0, instance:testScripts.FooterSectionCreditsValidation@bcec361]" started-at="2026-02-13T16:56:05 IST" name="closeResources" finished-at="2026-02-13T16:56:14 IST" duration-ms="8688" status="PASS">
          <reporter-output>
          </reporter-output>
        </test-method> <!-- closeResources -->
      </class> <!-- testScripts.FooterSectionCreditsValidation -->
    </test> <!-- US17_P1_07_Credits_Chrome -->
    <test started-at="2026-02-13T16:55:48 IST" name="US17_P1_07_HyperLink_Chrome" finished-at="2026-02-13T16:56:22 IST" duration-ms="33898">
      <class name="testScripts.FooterSectionHyperLinkValidation">
        <test-method is-config="true" signature="browserSetup()[pri:0, instance:testScripts.FooterSectionHyperLinkValidation@7a8c8dcf]" started-at="2026-02-13T16:55:48 IST" name="browserSetup" finished-at="2026-02-13T16:55:48 IST" duration-ms="33" status="PASS">
          <reporter-output>
          </reporter-output>
        </test-method> <!-- browserSetup -->
        <test-method is-config="true" signature="setUpBrowserType(java.lang.String)[pri:0, instance:testScripts.FooterSectionHyperLinkValidation@7a8c8dcf]" started-at="2026-02-13T16:55:48 IST" name="setUpBrowserType" finished-at="2026-02-13T16:56:05 IST" duration-ms="16462" status="PASS">
          <params>
            <param index="0">
              <value>
                <![CDATA[chrome]]>
              </value>
            </param>
          </params>
          <reporter-output>
          </reporter-output>
        </test-method> <!-- setUpBrowserType -->
        <test-method signature="performValidationOfHyperLink()[pri:0, instance:testScripts.FooterSectionHyperLinkValidation@7a8c8dcf]" started-at="2026-02-13T16:56:05 IST" name="performValidationOfHyperLink" finished-at="2026-02-13T16:56:07 IST" duration-ms="2594" status="PASS">
          <reporter-output>
          </reporter-output>
        </test-method> <!-- performValidationOfHyperLink -->
        <test-method is-config="true" signature="closeBrowser()[pri:0, instance:testScripts.FooterSectionHyperLinkValidation@7a8c8dcf]" started-at="2026-02-13T16:56:07 IST" name="closeBrowser" finished-at="2026-02-13T16:56:22 IST" duration-ms="14743" status="PASS">
          <reporter-output>
          </reporter-output>
        </test-method> <!-- closeBrowser -->
      </class> <!-- testScripts.FooterSectionHyperLinkValidation -->
    </test> <!-- US17_P1_07_HyperLink_Chrome -->
    <test started-at="2026-02-13T16:55:48 IST" name="US17_P1_07_Credits_Edge" finished-at="2026-02-13T16:56:25 IST" duration-ms="37076">
      <class name="testScripts.FooterSectionCreditsValidation">
        <test-method is-config="true" signature="setUpBrowser()[pri:0, instance:testScripts.FooterSectionCreditsValidation@40005471]" started-at="2026-02-13T16:55:48 IST" name="setUpBrowser" finished-at="2026-02-13T16:55:48 IST" duration-ms="34" status="PASS">
          <reporter-output>
          </reporter-output>
        </test-method> <!-- setUpBrowser -->
        <test-method is-config="true" signature="performLogin(java.lang.String)[pri:0, instance:testScripts.FooterSectionCreditsValidation@40005471]" started-at="2026-02-13T16:55:48 IST" name="performLogin" finished-at="2026-02-13T16:56:03 IST" duration-ms="15214" status="PASS">
          <params>
            <param index="0">
              <value>
                <![CDATA[edge]]>
              </value>
            </param>
          </params>
          <reporter-output>
          </reporter-output>
        </test-method> <!-- performLogin -->
        <test-method signature="performValidationOnFooterSectionCredits()[pri:1, instance:testScripts.FooterSectionCreditsValidation@40005471]" started-at="2026-02-13T16:56:03 IST" name="performValidationOnFooterSectionCredits" finished-at="2026-02-13T16:56:04 IST" duration-ms="624" status="PASS">
          <reporter-output>
          </reporter-output>
        </test-method> <!-- performValidationOnFooterSectionCredits -->
        <test-method is-config="true" signature="closeResources()[pri:0, instance:testScripts.FooterSectionCreditsValidation@40005471]" started-at="2026-02-13T16:56:04 IST" name="closeResources" finished-at="2026-02-13T16:56:25 IST" duration-ms="21119" status="PASS">
          <reporter-output>
          </reporter-output>
        </test-method> <!-- closeResources -->
      </class> <!-- testScripts.FooterSectionCreditsValidation -->
    </test> <!-- US17_P1_07_Credits_Edge -->
    <test started-at="2026-02-13T16:56:14 IST" name="US17_P1_07_HyperLink_Edge" finished-at="2026-02-13T16:56:26 IST" duration-ms="11494">
      <class name="testScripts.FooterSectionHyperLinkValidation">
        <test-method is-config="true" signature="browserSetup()[pri:0, instance:testScripts.FooterSectionHyperLinkValidation@3a52dba3]" started-at="2026-02-13T16:56:14 IST" name="browserSetup" finished-at="2026-02-13T16:56:14 IST" duration-ms="2" status="PASS">
          <reporter-output>
          </reporter-output>
        </test-method> <!-- browserSetup -->
        <test-method is-config="true" signature="setUpBrowserType(java.lang.String)[pri:0, instance:testScripts.FooterSectionHyperLinkValidation@3a52dba3]" started-at="2026-02-13T16:56:14 IST" name="setUpBrowserType" finished-at="2026-02-13T16:56:19 IST" duration-ms="4961" status="PASS">
          <params>
            <param index="0">
              <value>
                <![CDATA[edge]]>
              </value>
            </param>
          </params>
          <reporter-output>
          </reporter-output>
        </test-method> <!-- setUpBrowserType -->
        <test-method signature="performValidationOfHyperLink()[pri:0, instance:testScripts.FooterSectionHyperLinkValidation@3a52dba3]" started-at="2026-02-13T16:56:19 IST" name="performValidationOfHyperLink" finished-at="2026-02-13T16:56:21 IST" duration-ms="1801" status="PASS">
          <reporter-output>
          </reporter-output>
        </test-method> <!-- performValidationOfHyperLink -->
        <test-method is-config="true" signature="closeBrowser()[pri:0, instance:testScripts.FooterSectionHyperLinkValidation@3a52dba3]" started-at="2026-02-13T16:56:21 IST" name="closeBrowser" finished-at="2026-02-13T16:56:26 IST" duration-ms="4721" status="PASS">
          <reporter-output>
          </reporter-output>
        </test-method> <!-- closeBrowser -->
      </class> <!-- testScripts.FooterSectionHyperLinkValidation -->
    </test> <!-- US17_P1_07_HyperLink_Edge -->
    <test started-at="2026-02-13T16:55:48 IST" name="US17_P1_05_ChromeTest" finished-at="2026-02-13T16:56:37 IST" duration-ms="48400">
      <class name="testScripts.HamburgerFuncValidation">
        <test-method is-config="true" signature="beforeClass()[pri:0, instance:testScripts.HamburgerFuncValidation@51399530]" started-at="2026-02-13T16:55:48 IST" name="beforeClass" finished-at="2026-02-13T16:55:48 IST" duration-ms="34" status="PASS">
          <reporter-output>
          </reporter-output>
        </test-method> <!-- beforeClass -->
        <test-method is-config="true" signature="beforeMethod(java.lang.String)[pri:0, instance:testScripts.HamburgerFuncValidation@51399530]" started-at="2026-02-13T16:55:48 IST" name="beforeMethod" finished-at="2026-02-13T16:56:04 IST" duration-ms="15443" status="PASS">
          <params>
            <param index="0">
              <value>
                <![CDATA[chrome]]>
              </value>
            </param>
          </params>
          <reporter-output>
          </reporter-output>
        </test-method> <!-- beforeMethod -->
        <test-method signature="performActionsOnHamburgerClose()[pri:1, instance:testScripts.HamburgerFuncValidation@51399530]" started-at="2026-02-13T16:56:04 IST" name="performActionsOnHamburgerClose" finished-at="2026-02-13T16:56:15 IST" duration-ms="11454" status="PASS">
          <reporter-output>
          </reporter-output>
        </test-method> <!-- performActionsOnHamburgerClose -->
        <test-method is-config="true" signature="AfterMethod()[pri:0, instance:testScripts.HamburgerFuncValidation@51399530]" started-at="2026-02-13T16:56:15 IST" name="AfterMethod" finished-at="2026-02-13T16:56:26 IST" duration-ms="10917" status="PASS">
          <reporter-output>
          </reporter-output>
        </test-method> <!-- AfterMethod -->
        <test-method is-config="true" signature="beforeMethod(java.lang.String)[pri:0, instance:testScripts.HamburgerFuncValidation@51399530]" started-at="2026-02-13T16:56:26 IST" name="beforeMethod" finished-at="2026-02-13T16:56:31 IST" duration-ms="4875" status="PASS">
          <params>
            <param index="0">
              <value>
                <![CDATA[chrome]]>
              </value>
            </param>
          </params>
          <reporter-output>
          </reporter-output>
        </test-method> <!-- beforeMethod -->
        <test-method signature="hamburgerFuncValidationTestOpen()[pri:2, instance:testScripts.HamburgerFuncValidation@51399530]" started-at="2026-02-13T16:56:31 IST" name="hamburgerFuncValidationTestOpen" finished-at="2026-02-13T16:56:32 IST" duration-ms="607" status="PASS">
          <reporter-output>
          </reporter-output>
        </test-method> <!-- hamburgerFuncValidationTestOpen -->
        <test-method is-config="true" signature="AfterMethod()[pri:0, instance:testScripts.HamburgerFuncValidation@51399530]" started-at="2026-02-13T16:56:32 IST" name="AfterMethod" finished-at="2026-02-13T16:56:37 IST" duration-ms="5004" status="PASS">
          <reporter-output>
          </reporter-output>
        </test-method> <!-- AfterMethod -->
      </class> <!-- testScripts.HamburgerFuncValidation -->
    </test> <!-- US17_P1_05_ChromeTest -->
    <test started-at="2026-02-13T16:55:48 IST" name="US17_P1_05_EdgeTest" finished-at="2026-02-13T16:56:37 IST" duration-ms="48686">
      <class name="testScripts.HamburgerFuncValidation">
        <test-method is-config="true" signature="beforeClass()[pri:0, instance:testScripts.HamburgerFuncValidation@15de0b3c]" started-at="2026-02-13T16:55:48 IST" name="beforeClass" finished-at="2026-02-13T16:55:48 IST" duration-ms="33" status="PASS">
          <reporter-output>
          </reporter-output>
        </test-method> <!-- beforeClass -->
        <test-method is-config="true" signature="beforeMethod(java.lang.String)[pri:0, instance:testScripts.HamburgerFuncValidation@15de0b3c]" started-at="2026-02-13T16:55:48 IST" name="beforeMethod" finished-at="2026-02-13T16:56:05 IST" duration-ms="16604" status="PASS">
          <params>
            <param index="0">
              <value>
                <![CDATA[edge]]>
              </value>
            </param>
          </params>
          <reporter-output>
          </reporter-output>
        </test-method> <!-- beforeMethod -->
        <test-method signature="performActionsOnHamburgerClose()[pri:1, instance:testScripts.HamburgerFuncValidation@15de0b3c]" started-at="2026-02-13T16:56:05 IST" name="performActionsOnHamburgerClose" finished-at="2026-02-13T16:56:16 IST" duration-ms="10739" status="PASS">
          <reporter-output>
          </reporter-output>
        </test-method> <!-- performActionsOnHamburgerClose -->
        <test-method is-config="true" signature="AfterMethod()[pri:0, instance:testScripts.HamburgerFuncValidation@15de0b3c]" started-at="2026-02-13T16:56:16 IST" name="AfterMethod" finished-at="2026-02-13T16:56:26 IST" duration-ms="10414" status="PASS">
          <reporter-output>
          </reporter-output>
        </test-method> <!-- AfterMethod -->
        <test-method is-config="true" signature="beforeMethod(java.lang.String)[pri:0, instance:testScripts.HamburgerFuncValidation@15de0b3c]" started-at="2026-02-13T16:56:26 IST" name="beforeMethod" finished-at="2026-02-13T16:56:33 IST" duration-ms="6504" status="PASS">
          <params>
            <param index="0">
              <value>
                <![CDATA[edge]]>
              </value>
            </param>
          </params>
          <reporter-output>
          </reporter-output>
        </test-method> <!-- beforeMethod -->
        <test-method signature="hamburgerFuncValidationTestOpen()[pri:2, instance:testScripts.HamburgerFuncValidation@15de0b3c]" started-at="2026-02-13T16:56:33 IST" name="hamburgerFuncValidationTestOpen" finished-at="2026-02-13T16:56:33 IST" duration-ms="169" status="PASS">
          <reporter-output>
          </reporter-output>
        </test-method> <!-- hamburgerFuncValidationTestOpen -->
        <test-method is-config="true" signature="AfterMethod()[pri:0, instance:testScripts.HamburgerFuncValidation@15de0b3c]" started-at="2026-02-13T16:56:33 IST" name="AfterMethod" finished-at="2026-02-13T16:56:37 IST" duration-ms="4146" status="PASS">
          <reporter-output>
          </reporter-output>
        </test-method> <!-- AfterMethod -->
      </class> <!-- testScripts.HamburgerFuncValidation -->
    </test> <!-- US17_P1_05_EdgeTest -->
  </suite> <!-- Sprint-1_Sharib -->
</testng-results>
