<?xml version="1.0" encoding="UTF-8"?>
<testng-results ignored="0" total="8" passed="8" failed="0" skipped="0">
  <reporter-output>
  </reporter-output>
  <suite started-at="2026-02-11T11:42:40 IST" name="Sprint-1_Sharib" finished-at="2026-02-11T11:43:14 IST" duration-ms="34921">
    <groups>
    </groups>
    <test started-at="2026-02-11T11:42:40 IST" name="US17_P1_07_Credits_Edge" finished-at="2026-02-11T11:42:51 IST" duration-ms="10959">
      <class name="testScripts.FooterSectionCreditsValidation">
        <test-method is-config="true" signature="setUpBrowser()[pri:0, instance:testScripts.FooterSectionCreditsValidation@40005471]" started-at="2026-02-11T11:42:40 IST" name="setUpBrowser" finished-at="2026-02-11T11:42:40 IST" duration-ms="12" status="PASS">
          <reporter-output>
          </reporter-output>
        </test-method> <!-- setUpBrowser -->
        <test-method is-config="true" signature="performLogin(java.lang.String)[pri:0, instance:testScripts.FooterSectionCreditsValidation@40005471]" started-at="2026-02-11T11:42:40 IST" name="performLogin" finished-at="2026-02-11T11:42:47 IST" duration-ms="7030" status="PASS">
          <params>
            <param index="0">
              <value>
                <![CDATA[edge]]>
              </value>
            </param>
          </params>
          <reporter-output>
          </reporter-output>
        </test-method> <!-- performLogin -->
        <test-method signature="performValidationOnFooterSectionCredits()[pri:1, instance:testScripts.FooterSectionCreditsValidation@40005471]" started-at="2026-02-11T11:42:47 IST" name="performValidationOnFooterSectionCredits" finished-at="2026-02-11T11:42:47 IST" duration-ms="44" status="PASS">
          <reporter-output>
          </reporter-output>
        </test-method> <!-- performValidationOnFooterSectionCredits -->
        <test-method is-config="true" signature="closeResources()[pri:0, instance:testScripts.FooterSectionCreditsValidation@40005471]" started-at="2026-02-11T11:42:47 IST" name="closeResources" finished-at="2026-02-11T11:42:51 IST" duration-ms="3820" status="PASS">
          <reporter-output>
          </reporter-output>
        </test-method> <!-- closeResources -->
      </class> <!-- testScripts.FooterSectionCreditsValidation -->
    </test> <!-- US17_P1_07_Credits_Edge -->
    <test started-at="2026-02-11T11:42:40 IST" name="US17_P1_07_Credits_Chrome" finished-at="2026-02-11T11:42:56 IST" duration-ms="16636">
      <class name="testScripts.FooterSectionCreditsValidation">
        <test-method is-config="true" signature="setUpBrowser()[pri:0, instance:testScripts.FooterSectionCreditsValidation@bcec361]" started-at="2026-02-11T11:42:40 IST" name="setUpBrowser" finished-at="2026-02-11T11:42:40 IST" duration-ms="12" status="PASS">
          <reporter-output>
          </reporter-output>
        </test-method> <!-- setUpBrowser -->
        <test-method is-config="true" signature="performLogin(java.lang.String)[pri:0, instance:testScripts.FooterSectionCreditsValidation@bcec361]" started-at="2026-02-11T11:42:40 IST" name="performLogin" finished-at="2026-02-11T11:42:52 IST" duration-ms="12107" status="PASS">
          <params>
            <param index="0">
              <value>
                <![CDATA[chrome]]>
              </value>
            </param>
          </params>
          <reporter-output>
          </reporter-output>
        </test-method> <!-- performLogin -->
        <test-method signature="performValidationOnFooterSectionCredits()[pri:1, instance:testScripts.FooterSectionCreditsValidation@bcec361]" started-at="2026-02-11T11:42:52 IST" name="performValidationOnFooterSectionCredits" finished-at="2026-02-11T11:42:52 IST" duration-ms="30" status="PASS">
          <reporter-output>
          </reporter-output>
        </test-method> <!-- performValidationOnFooterSectionCredits -->
        <test-method is-config="true" signature="closeResources()[pri:0, instance:testScripts.FooterSectionCreditsValidation@bcec361]" started-at="2026-02-11T11:42:52 IST" name="closeResources" finished-at="2026-02-11T11:42:56 IST" duration-ms="4440" status="PASS">
          <reporter-output>
          </reporter-output>
        </test-method> <!-- closeResources -->
      </class> <!-- testScripts.FooterSectionCreditsValidation -->
    </test> <!-- US17_P1_07_Credits_Chrome -->
    <test started-at="2026-02-11T11:42:40 IST" name="US17_P1_07_HyperLink_Chrome" finished-at="2026-02-11T11:42:57 IST" duration-ms="17908">
      <class name="testScripts.FooterSectionHyperLinkValidation">
        <test-method is-config="true" signature="browserSetup()[pri:0, instance:testScripts.FooterSectionHyperLinkValidation@7a8c8dcf]" started-at="2026-02-11T11:42:40 IST" name="browserSetup" finished-at="2026-02-11T11:42:40 IST" duration-ms="12" status="PASS">
          <reporter-output>
          </reporter-output>
        </test-method> <!-- browserSetup -->
        <test-method is-config="true" signature="setUpBrowserType(java.lang.String)[pri:0, instance:testScripts.FooterSectionHyperLinkValidation@7a8c8dcf]" started-at="2026-02-11T11:42:40 IST" name="setUpBrowserType" finished-at="2026-02-11T11:42:50 IST" duration-ms="10703" status="PASS">
          <params>
            <param index="0">
              <value>
                <![CDATA[chrome]]>
              </value>
            </param>
          </params>
          <reporter-output>
          </reporter-output>
        </test-method> <!-- setUpBrowserType -->
        <test-method signature="performValidationOfHyperLink()[pri:0, instance:testScripts.FooterSectionHyperLinkValidation@7a8c8dcf]" started-at="2026-02-11T11:42:50 IST" name="performValidationOfHyperLink" finished-at="2026-02-11T11:42:55 IST" duration-ms="4460" status="PASS">
          <reporter-output>
          </reporter-output>
        </test-method> <!-- performValidationOfHyperLink -->
        <test-method is-config="true" signature="closeBrowser()[pri:0, instance:testScripts.FooterSectionHyperLinkValidation@7a8c8dcf]" started-at="2026-02-11T11:42:55 IST" name="closeBrowser" finished-at="2026-02-11T11:42:57 IST" duration-ms="2688" status="PASS">
          <reporter-output>
          </reporter-output>
        </test-method> <!-- closeBrowser -->
      </class> <!-- testScripts.FooterSectionHyperLinkValidation -->
    </test> <!-- US17_P1_07_HyperLink_Chrome -->
    <test started-at="2026-02-11T11:42:51 IST" name="US17_P1_07_HyperLink_Edge" finished-at="2026-02-11T11:42:59 IST" duration-ms="8170">
      <class name="testScripts.FooterSectionHyperLinkValidation">
        <test-method is-config="true" signature="browserSetup()[pri:0, instance:testScripts.FooterSectionHyperLinkValidation@3a52dba3]" started-at="2026-02-11T11:42:51 IST" name="browserSetup" finished-at="2026-02-11T11:42:51 IST" duration-ms="0" status="PASS">
          <reporter-output>
          </reporter-output>
        </test-method> <!-- browserSetup -->
        <test-method is-config="true" signature="setUpBrowserType(java.lang.String)[pri:0, instance:testScripts.FooterSectionHyperLinkValidation@3a52dba3]" started-at="2026-02-11T11:42:51 IST" name="setUpBrowserType" finished-at="2026-02-11T11:42:55 IST" duration-ms="4346" status="PASS">
          <params>
            <param index="0">
              <value>
                <![CDATA[edge]]>
              </value>
            </param>
          </params>
          <reporter-output>
          </reporter-output>
        </test-method> <!-- setUpBrowserType -->
        <test-method signature="performValidationOfHyperLink()[pri:0, instance:testScripts.FooterSectionHyperLinkValidation@3a52dba3]" started-at="2026-02-11T11:42:55 IST" name="performValidationOfHyperLink" finished-at="2026-02-11T11:42:56 IST" duration-ms="812" status="PASS">
          <reporter-output>
          </reporter-output>
        </test-method> <!-- performValidationOfHyperLink -->
        <test-method is-config="true" signature="closeBrowser()[pri:0, instance:testScripts.FooterSectionHyperLinkValidation@3a52dba3]" started-at="2026-02-11T11:42:56 IST" name="closeBrowser" finished-at="2026-02-11T11:42:59 IST" duration-ms="3008" status="PASS">
          <reporter-output>
          </reporter-output>
        </test-method> <!-- closeBrowser -->
      </class> <!-- testScripts.FooterSectionHyperLinkValidation -->
    </test> <!-- US17_P1_07_HyperLink_Edge -->
    <test started-at="2026-02-11T11:42:40 IST" name="US17_P1_05_EdgeTest" finished-at="2026-02-11T11:43:08 IST" duration-ms="27984">
      <class name="testScripts.HamburgerFuncValidation">
        <test-method is-config="true" signature="beforeClass()[pri:0, instance:testScripts.HamburgerFuncValidation@15de0b3c]" started-at="2026-02-11T11:42:40 IST" name="beforeClass" finished-at="2026-02-11T11:42:40 IST" duration-ms="12" status="PASS">
          <reporter-output>
          </reporter-output>
        </test-method> <!-- beforeClass -->
        <test-method is-config="true" signature="beforeMethod(java.lang.String)[pri:0, instance:testScripts.HamburgerFuncValidation@15de0b3c]" started-at="2026-02-11T11:42:40 IST" name="beforeMethod" finished-at="2026-02-11T11:42:46 IST" duration-ms="6356" status="PASS">
          <params>
            <param index="0">
              <value>
                <![CDATA[edge]]>
              </value>
            </param>
          </params>
          <reporter-output>
          </reporter-output>
        </test-method> <!-- beforeMethod -->
        <test-method signature="performActionsOnHamburgerClose()[pri:1, instance:testScripts.HamburgerFuncValidation@15de0b3c]" started-at="2026-02-11T11:42:46 IST" name="performActionsOnHamburgerClose" finished-at="2026-02-11T11:42:57 IST" duration-ms="10853" status="PASS">
          <reporter-output>
          </reporter-output>
        </test-method> <!-- performActionsOnHamburgerClose -->
        <test-method is-config="true" signature="AfterMethod()[pri:0, instance:testScripts.HamburgerFuncValidation@15de0b3c]" started-at="2026-02-11T11:42:57 IST" name="AfterMethod" finished-at="2026-02-11T11:43:00 IST" duration-ms="3585" status="PASS">
          <reporter-output>
          </reporter-output>
        </test-method> <!-- AfterMethod -->
        <test-method is-config="true" signature="beforeMethod(java.lang.String)[pri:0, instance:testScripts.HamburgerFuncValidation@15de0b3c]" started-at="2026-02-11T11:43:00 IST" name="beforeMethod" finished-at="2026-02-11T11:43:03 IST" duration-ms="2997" status="PASS">
          <params>
            <param index="0">
              <value>
                <![CDATA[edge]]>
              </value>
            </param>
          </params>
          <reporter-output>
          </reporter-output>
        </test-method> <!-- beforeMethod -->
        <test-method signature="hamburgerFuncValidationTestOpen()[pri:2, instance:testScripts.HamburgerFuncValidation@15de0b3c]" started-at="2026-02-11T11:43:03 IST" name="hamburgerFuncValidationTestOpen" finished-at="2026-02-11T11:43:04 IST" duration-ms="631" status="PASS">
          <reporter-output>
          </reporter-output>
        </test-method> <!-- hamburgerFuncValidationTestOpen -->
        <test-method is-config="true" signature="AfterMethod()[pri:0, instance:testScripts.HamburgerFuncValidation@15de0b3c]" started-at="2026-02-11T11:43:04 IST" name="AfterMethod" finished-at="2026-02-11T11:43:08 IST" duration-ms="3500" status="PASS">
          <reporter-output>
          </reporter-output>
        </test-method> <!-- AfterMethod -->
      </class> <!-- testScripts.HamburgerFuncValidation -->
    </test> <!-- US17_P1_05_EdgeTest -->
    <test started-at="2026-02-11T11:42:40 IST" name="US17_P1_05_ChromeTest" finished-at="2026-02-11T11:43:14 IST" duration-ms="34921">
      <class name="testScripts.HamburgerFuncValidation">
        <test-method is-config="true" signature="beforeClass()[pri:0, instance:testScripts.HamburgerFuncValidation@51399530]" started-at="2026-02-11T11:42:40 IST" name="beforeClass" finished-at="2026-02-11T11:42:40 IST" duration-ms="12" status="PASS">
          <reporter-output>
          </reporter-output>
        </test-method> <!-- beforeClass -->
        <test-method is-config="true" signature="beforeMethod(java.lang.String)[pri:0, instance:testScripts.HamburgerFuncValidation@51399530]" started-at="2026-02-11T11:42:40 IST" name="beforeMethod" finished-at="2026-02-11T11:42:52 IST" duration-ms="12551" status="PASS">
          <params>
            <param index="0">
              <value>
                <![CDATA[chrome]]>
              </value>
            </param>
          </params>
          <reporter-output>
          </reporter-output>
        </test-method> <!-- beforeMethod -->
        <test-method signature="performActionsOnHamburgerClose()[pri:1, instance:testScripts.HamburgerFuncValidation@51399530]" started-at="2026-02-11T11:42:52 IST" name="performActionsOnHamburgerClose" finished-at="2026-02-11T11:43:03 IST" duration-ms="10891" status="PASS">
          <reporter-output>
          </reporter-output>
        </test-method> <!-- performActionsOnHamburgerClose -->
        <test-method is-config="true" signature="AfterMethod()[pri:0, instance:testScripts.HamburgerFuncValidation@51399530]" started-at="2026-02-11T11:43:03 IST" name="AfterMethod" finished-at="2026-02-11T11:43:08 IST" duration-ms="4566" status="PASS">
          <reporter-output>
          </reporter-output>
        </test-method> <!-- AfterMethod -->
        <test-method is-config="true" signature="beforeMethod(java.lang.String)[pri:0, instance:testScripts.HamburgerFuncValidation@51399530]" started-at="2026-02-11T11:43:08 IST" name="beforeMethod" finished-at="2026-02-11T11:43:11 IST" duration-ms="3351" status="PASS">
          <params>
            <param index="0">
              <value>
                <![CDATA[chrome]]>
              </value>
            </param>
          </params>
          <reporter-output>
          </reporter-output>
        </test-method> <!-- beforeMethod -->
        <test-method signature="hamburgerFuncValidationTestOpen()[pri:2, instance:testScripts.HamburgerFuncValidation@51399530]" started-at="2026-02-11T11:43:11 IST" name="hamburgerFuncValidationTestOpen" finished-at="2026-02-11T11:43:12 IST" duration-ms="722" status="PASS">
          <reporter-output>
          </reporter-output>
        </test-method> <!-- hamburgerFuncValidationTestOpen -->
        <test-method is-config="true" signature="AfterMethod()[pri:0, instance:testScripts.HamburgerFuncValidation@51399530]" started-at="2026-02-11T11:43:12 IST" name="AfterMethod" finished-at="2026-02-11T11:43:14 IST" duration-ms="2779" status="PASS">
          <reporter-output>
          </reporter-output>
        </test-method> <!-- AfterMethod -->
      </class> <!-- testScripts.HamburgerFuncValidation -->
    </test> <!-- US17_P1_05_ChromeTest -->
  </suite> <!-- Sprint-1_Sharib -->
</testng-results>
