<?xml version="1.0" encoding="UTF-8"?>
<!-- Generated by org.testng.reporters.JUnitReportReporter -->
<testsuite hostname="LTIN674248" failures="0" tests="4" name="testScripts.HamburgerFuncValidation" time="96.876" errors="0" timestamp="2026-02-13T16:56:37 IST" skipped="0">
  <testcase classname="testScripts.HamburgerFuncValidation" name="performActionsOnHamburgerClose" time="27.657"/>
  <testcase classname="testScripts.HamburgerFuncValidation" name="performActionsOnHamburgerClose" time="27.246"/>
  <testcase classname="testScripts.HamburgerFuncValidation" name="hamburgerFuncValidationTestOpen" time="21.054"/>
  <testcase classname="testScripts.HamburgerFuncValidation" name="hamburgerFuncValidationTestOpen" time="20.919"/>
</testsuite> <!-- testScripts.HamburgerFuncValidation -->
