<?xml version="1.0" encoding="UTF-8"?>
<!-- Generated by org.testng.reporters.JUnitReportReporter -->
<testsuite hostname="LTIN674248" failures="0" tests="4" name="testScripts.HamburgerFuncValidation" time="62.782" errors="0" timestamp="2026-02-11T11:43:15 IST" skipped="0">
  <testcase classname="testScripts.HamburgerFuncValidation" name="performActionsOnHamburgerClose" time="20.794"/>
  <testcase classname="testScripts.HamburgerFuncValidation" name="performActionsOnHamburgerClose" time="18.808"/>
  <testcase classname="testScripts.HamburgerFuncValidation" name="hamburgerFuncValidationTestOpen" time="7.128"/>
  <testcase classname="testScripts.HamburgerFuncValidation" name="hamburgerFuncValidationTestOpen" time="16.052"/>
</testsuite> <!-- testScripts.HamburgerFuncValidation -->
