<?xml version="1.0" encoding="UTF-8"?>
<!-- Generated by org.testng.reporters.JUnitReportReporter -->
<testsuite hostname="LTIN674248" failures="0" tests="2" name="testScripts.FooterSectionCreditsValidation" time="62.627" errors="0" timestamp="2026-02-13T16:56:37 IST" skipped="0">
  <testcase classname="testScripts.FooterSectionCreditsValidation" name="performValidationOnFooterSectionCredits" time="25.670"/>
  <testcase classname="testScripts.FooterSectionCreditsValidation" name="performValidationOnFooterSectionCredits" time="36.957"/>
</testsuite> <!-- testScripts.FooterSectionCreditsValidation -->
