<?xml version="1.0" encoding="UTF-8"?>
<!-- Generated by org.testng.reporters.JUnitReportReporter -->
<testsuite hostname="LTIN674248" failures="0" tests="2" name="testScripts.FooterSectionHyperLinkValidation" time="25.818" errors="0" timestamp="2026-02-13T16:56:37 IST" skipped="0">
  <testcase classname="testScripts.FooterSectionHyperLinkValidation" name="performValidationOfHyperLink" time="19.056"/>
  <testcase classname="testScripts.FooterSectionHyperLinkValidation" name="performValidationOfHyperLink" time="6.762"/>
</testsuite> <!-- testScripts.FooterSectionHyperLinkValidation -->
